Using pre-set license
Built from '2021.3/staging' branch; Version is '2021.3.6f1 (7da38d85baf6) revision 8233869'; Using compiler version '192829333'; Build Type 'Release'
OS: 'Windows 10  (10.0.19044) 64bit Professional' Language: 'ko' Physical Memory: 16266 MB
BatchMode: 1, IsHumanControllingUs: 0, StartBugReporterOnCrash: 0, Is64bit: 1, IsPro: 1

COMMAND LINE ARGUMENTS:
C:\Program Files\Unity\Hub\Editor\2021.3.6f1\Editor\Unity.exe
-adb2
-batchMode
-noUpm
-name
AssetImportWorker2
-projectPath
D:/Unity/GitHub/StealthGame/StealthGame/Stealth
-logFile
Logs/AssetImportWorker2.log
-srvPort
52983
Successfully changed project path to: D:/Unity/GitHub/StealthGame/StealthGame/Stealth
D:/Unity/GitHub/StealthGame/StealthGame/Stealth
[UnityMemory] Configuration Parameters - Can be set up in boot.config
    "memorysetup-bucket-allocator-granularity=16"
    "memorysetup-bucket-allocator-bucket-count=8"
    "memorysetup-bucket-allocator-block-size=33554432"
    "memorysetup-bucket-allocator-block-count=8"
    "memorysetup-main-allocator-block-size=16777216"
    "memorysetup-thread-allocator-block-size=16777216"
    "memorysetup-gfx-main-allocator-block-size=16777216"
    "memorysetup-gfx-thread-allocator-block-size=16777216"
    "memorysetup-cache-allocator-block-size=4194304"
    "memorysetup-typetree-allocator-block-size=2097152"
    "memorysetup-profiler-bucket-allocator-granularity=16"
    "memorysetup-profiler-bucket-allocator-bucket-count=8"
    "memorysetup-profiler-bucket-allocator-block-size=33554432"
    "memorysetup-profiler-bucket-allocator-block-count=8"
    "memorysetup-profiler-allocator-block-size=16777216"
    "memorysetup-profiler-editor-allocator-block-size=1048576"
    "memorysetup-temp-allocator-size-main=16777216"
    "memorysetup-job-temp-allocator-block-size=2097152"
    "memorysetup-job-temp-allocator-block-size-background=1048576"
    "memorysetup-job-temp-allocator-reduction-small-platforms=262144"
    "memorysetup-temp-allocator-size-background-worker=32768"
    "memorysetup-temp-allocator-size-job-worker=262144"
    "memorysetup-temp-allocator-size-preload-manager=33554432"
    "memorysetup-temp-allocator-size-nav-mesh-worker=65536"
    "memorysetup-temp-allocator-size-audio-worker=65536"
    "memorysetup-temp-allocator-size-cloud-worker=32768"
    "memorysetup-temp-allocator-size-gi-baking-worker=262144"
    "memorysetup-temp-allocator-size-gfx=262144"
Refreshing native plugins compatible for Editor in 161.84 ms, found 3 plugins.
Preloading 0 native plugins for Editor in 0.00 ms.
Initialize engine version: 2021.3.6f1 (7da38d85baf6)
[Subsystems] Discovering subsystems at path C:/Program Files/Unity/Hub/Editor/2021.3.6f1/Editor/Data/Resources/UnitySubsystems
[Subsystems] Discovering subsystems at path D:/Unity/GitHub/StealthGame/StealthGame/Stealth/Assets
GfxDevice: creating device client; threaded=0; jobified=0
Direct3D:
    Version:  Direct3D 11.0 [level 11.1]
    Renderer: NVIDIA GeForce GTX 1060 3GB (ID=0x1c02)
    Vendor:   NVIDIA
    VRAM:     2988 MB
    Driver:   30.0.15.1215
Initialize mono
Mono path[0] = 'C:/Program Files/Unity/Hub/Editor/2021.3.6f1/Editor/Data/Managed'
Mono path[1] = 'C:/Program Files/Unity/Hub/Editor/2021.3.6f1/Editor/Data/MonoBleedingEdge/lib/mono/unityjit-win32'
Mono config path = 'C:/Program Files/Unity/Hub/Editor/2021.3.6f1/Editor/Data/MonoBleedingEdge/etc'
Using monoOptions --debugger-agent=transport=dt_socket,embedding=1,server=y,suspend=n,address=127.0.0.1:56348
Begin MonoManager ReloadAssembly
Registering precompiled unity dll's ...
Register platform support module: C:/Program Files/Unity/Hub/Editor/2021.3.6f1/Editor/Data/PlaybackEngines/AndroidPlayer/UnityEditor.Android.Extensions.dll
Register platform support module: C:/Program Files/Unity/Hub/Editor/2021.3.6f1/Editor/Data/PlaybackEngines/WindowsStandaloneSupport/UnityEditor.WindowsStandalone.Extensions.dll
Registered in 0.010257 seconds.
Native extension for WindowsStandalone target not found
Native extension for Android target not found
Refreshing native plugins compatible for Editor in 156.72 ms, found 3 plugins.
Preloading 0 native plugins for Editor in 0.00 ms.
Mono: successfully reloaded assembly
- Completed reload, in  0.838 seconds
Domain Reload Profiling:
	ReloadAssembly (839ms)
		BeginReloadAssembly (94ms)
			ExecutionOrderSort (0ms)
			DisableScriptedObjects (0ms)
			BackupInstance (0ms)
			ReleaseScriptingObjects (0ms)
			CreateAndSetChildDomain (1ms)
		EndReloadAssembly (615ms)
			LoadAssemblies (92ms)
			RebuildTransferFunctionScriptingTraits (0ms)
			SetupTypeCache (124ms)
			ReleaseScriptCaches (0ms)
			RebuildScriptCaches (31ms)
			SetupLoadedEditorAssemblies (392ms)
				LogAssemblyErrors (0ms)
				InitializePlatformSupportModulesInManaged (65ms)
				SetLoadedEditorAssemblies (0ms)
				RefreshPlugins (157ms)
				BeforeProcessingInitializeOnLoad (1ms)
				ProcessInitializeOnLoadAttributes (109ms)
				ProcessInitializeOnLoadMethodAttributes (59ms)
				AfterProcessingInitializeOnLoad (0ms)
				EditorAssembliesLoaded (0ms)
			ExecutionOrderSort2 (0ms)
			AwakeInstancesAfterBackupRestoration (0ms)
Platform modules already initialized, skipping
Registering precompiled user dll's ...
Registered in 0.008456 seconds.
Android Extension - Scanning For ADB Devices 4886 ms
Begin MonoManager ReloadAssembly
Symbol file LoadedFromMemory doesn't match image D:\Unity\GitHub\StealthGame\StealthGame\Stealth\Library\PackageCache\com.unity.visualscripting@1.7.8\Editor\VisualScripting.Core\Dependencies\YamlDotNet\Unity.VisualScripting.YamlDotNet.dll
Symbol file LoadedFromMemory doesn't match image D:\Unity\GitHub\StealthGame\StealthGame\Stealth\Library\PackageCache\com.unity.visualscripting@1.7.8\Editor\VisualScripting.Core\Dependencies\DotNetZip\Unity.VisualScripting.IonicZip.dll
Native extension for WindowsStandalone target not found
Native extension for Android target not found
Refreshing native plugins compatible for Editor in 190.84 ms, found 3 plugins.
Preloading 0 native plugins for Editor in 0.00 ms.
Mono: successfully reloaded assembly
- Completed reload, in 10.180 seconds
Domain Reload Profiling:
	ReloadAssembly (10181ms)
		BeginReloadAssembly (135ms)
			ExecutionOrderSort (0ms)
			DisableScriptedObjects (6ms)
			BackupInstance (0ms)
			ReleaseScriptingObjects (0ms)
			CreateAndSetChildDomain (21ms)
		EndReloadAssembly (9838ms)
			LoadAssemblies (5907ms)
			RebuildTransferFunctionScriptingTraits (0ms)
			SetupTypeCache (1177ms)
			ReleaseScriptCaches (1ms)
			RebuildScriptCaches (141ms)
			SetupLoadedEditorAssemblies (2538ms)
				LogAssemblyErrors (0ms)
				InitializePlatformSupportModulesInManaged (18ms)
				SetLoadedEditorAssemblies (0ms)
				RefreshPlugins (191ms)
				BeforeProcessingInitializeOnLoad (194ms)
				ProcessInitializeOnLoadAttributes (815ms)
				ProcessInitializeOnLoadMethodAttributes (1308ms)
				AfterProcessingInitializeOnLoad (13ms)
				EditorAssembliesLoaded (0ms)
			ExecutionOrderSort2 (0ms)
			AwakeInstancesAfterBackupRestoration (18ms)
Platform modules already initialized, skipping
========================================================================
Worker process is ready to serve import requests
Launched and connected shader compiler UnityShaderCompiler.exe after 0.07 seconds
Refreshing native plugins compatible for Editor in 1.99 ms, found 3 plugins.
Preloading 0 native plugins for Editor in 0.00 ms.
Unloading 6580 Unused Serialized files (Serialized files now loaded: 0)
Unloading 84 unused Assets / (3.8 MB). Loaded Objects now: 7045.
Memory consumption went from 289.8 MB to 286.0 MB.
Total: 6.866500 ms (FindLiveObjects: 0.626800 ms CreateObjectMapping: 0.720200 ms MarkObjects: 4.572200 ms  DeleteObjects: 0.945900 ms)

AssetImportParameters requested are different than current active one (requested -> active):
  custom:video-decoder-ogg-theora: a1e56fd34408186e4bbccfd4996cb3dc -> 
  custom:container-muxer-webm: aa71ff27fc2769a1b78a27578f13a17b -> 
  custom:container-demuxer-webm: 4f35f7cbe854078d1ac9338744f61a02 -> 
  custom:video-encoder-webm-vp8: eb34c28f22e8b96e1ab97ce403110664 -> 
  custom:audio-encoder-webm-vorbis: bf7c407c2cedff20999df2af8eb42d56 -> 
  custom:framework-win-MediaFoundation: 216162199b28c13a410421893ffa2e32 -> 
  custom:container-demuxer-ogg: 62fdf1f143b41e24485cea50d1cbac27 -> 
  custom:video-decoder-webm-vp8: 9c59270c3fd7afecdb556c50c9e8de78 -> 
  custom:audio-decoder-ogg-vorbis: bf7c407c2cedff20999df2af8eb42d56 -> 
========================================================================
Received Import Request.
  Time since last request: 3295394.263415 seconds.
  path: Assets/TheTalesFactory/Photoscanned MoutainsRocks PBR/_ReadMe & Publisher Window/Welcome Screen/Resources/Project03.png
  artifactKey: Guid(c6a2025903275184fb7620c1509dce14) Importer(815301076,1909f56bfc062723c751e8b465ee728b)
Start importing Assets/TheTalesFactory/Photoscanned MoutainsRocks PBR/_ReadMe & Publisher Window/Welcome Screen/Resources/Project03.png using Guid(c6a2025903275184fb7620c1509dce14) Importer(815301076,1909f56bfc062723c751e8b465ee728b)  -> (artifact id: 'c6880ab29bcd44dece151356c759329f') in 0.121458 seconds 
========================================================================
Received Prepare
Registering precompiled user dll's ...
Registered in 0.016120 seconds.
Begin MonoManager ReloadAssembly
Symbol file LoadedFromMemory doesn't match image D:\Unity\GitHub\StealthGame\StealthGame\Stealth\Library\PackageCache\com.unity.visualscripting@1.7.8\Editor\VisualScripting.Core\Dependencies\YamlDotNet\Unity.VisualScripting.YamlDotNet.dll
Symbol file LoadedFromMemory doesn't match image D:\Unity\GitHub\StealthGame\StealthGame\Stealth\Library\PackageCache\com.unity.visualscripting@1.7.8\Editor\VisualScripting.Core\Dependencies\DotNetZip\Unity.VisualScripting.IonicZip.dll
Native extension for WindowsStandalone target not found
Native extension for Android target not found
Refreshing native plugins compatible for Editor in 1.19 ms, found 3 plugins.
Preloading 0 native plugins for Editor in 0.00 ms.
Mono: successfully reloaded assembly
- Completed reload, in  1.810 seconds
Domain Reload Profiling:
	ReloadAssembly (1810ms)
		BeginReloadAssembly (176ms)
			ExecutionOrderSort (0ms)
			DisableScriptedObjects (5ms)
			BackupInstance (0ms)
			ReleaseScriptingObjects (0ms)
			CreateAndSetChildDomain (53ms)
		EndReloadAssembly (1511ms)
			LoadAssemblies (132ms)
			RebuildTransferFunctionScriptingTraits (0ms)
			SetupTypeCache (445ms)
			ReleaseScriptCaches (2ms)
			RebuildScriptCaches (86ms)
			SetupLoadedEditorAssemblies (789ms)
				LogAssemblyErrors (0ms)
				InitializePlatformSupportModulesInManaged (29ms)
				SetLoadedEditorAssemblies (1ms)
				RefreshPlugins (1ms)
				BeforeProcessingInitializeOnLoad (136ms)
				ProcessInitializeOnLoadAttributes (487ms)
				ProcessInitializeOnLoadMethodAttributes (122ms)
				AfterProcessingInitializeOnLoad (14ms)
				EditorAssembliesLoaded (0ms)
			ExecutionOrderSort2 (0ms)
			AwakeInstancesAfterBackupRestoration (15ms)
Platform modules already initialized, skipping
Refreshing native plugins compatible for Editor in 2.50 ms, found 3 plugins.
Preloading 0 native plugins for Editor in 0.00 ms.
Unloading 6423 Unused Serialized files (Serialized files now loaded: 0)
Unloading 61 unused Assets / (20.3 MB). Loaded Objects now: 7067.
Memory consumption went from 295.1 MB to 274.9 MB.
Total: 5.018400 ms (FindLiveObjects: 0.498600 ms CreateObjectMapping: 0.455100 ms MarkObjects: 2.937400 ms  DeleteObjects: 1.126400 ms)

AssetImportParameters requested are different than current active one (requested -> active):
  custom:video-decoder-ogg-theora: a1e56fd34408186e4bbccfd4996cb3dc -> 
  custom:container-muxer-webm: aa71ff27fc2769a1b78a27578f13a17b -> 
  custom:container-demuxer-webm: 4f35f7cbe854078d1ac9338744f61a02 -> 
  custom:video-encoder-webm-vp8: eb34c28f22e8b96e1ab97ce403110664 -> 
  custom:audio-encoder-webm-vorbis: bf7c407c2cedff20999df2af8eb42d56 -> 
  custom:framework-win-MediaFoundation: 216162199b28c13a410421893ffa2e32 -> 
  custom:container-demuxer-ogg: 62fdf1f143b41e24485cea50d1cbac27 -> 
  custom:video-decoder-webm-vp8: 9c59270c3fd7afecdb556c50c9e8de78 -> 
  custom:audio-decoder-ogg-vorbis: bf7c407c2cedff20999df2af8eb42d56 -> 
========================================================================
Received Import Request.
  Time since last request: 1266.271634 seconds.
  path: Assets/Conifers [BOTD]
  artifactKey: Guid(e7c1bee83e6cade4c98029ba143e5319) Importer(815301076,1909f56bfc062723c751e8b465ee728b)
Start importing Assets/Conifers [BOTD] using Guid(e7c1bee83e6cade4c98029ba143e5319) Importer(815301076,1909f56bfc062723c751e8b465ee728b)  -> (artifact id: 'ef3f311ee8c344311c8f96e70541115f') in 0.016376 seconds 
========================================================================
Received Import Request.
  Time since last request: 3.961536 seconds.
  path: Assets/Conifers [BOTD]/Conifers [BOTD] URP.unitypackage
  artifactKey: Guid(2b43184afc73ac64d9bfb74962236298) Importer(815301076,1909f56bfc062723c751e8b465ee728b)
Start importing Assets/Conifers [BOTD]/Conifers [BOTD] URP.unitypackage using Guid(2b43184afc73ac64d9bfb74962236298) Importer(815301076,1909f56bfc062723c751e8b465ee728b)  -> (artifact id: '829b2d8852e16e248355c067d0d95a77') in 0.055898 seconds 
========================================================================
Received Import Request.
  Time since last request: 10.678402 seconds.
  path: Assets/Conifers [BOTD]/CTI_URP_10.3.2_runtime.unitypackage
  artifactKey: Guid(88d5037c40acd0548a3838cc56b7d864) Importer(815301076,1909f56bfc062723c751e8b465ee728b)
Start importing Assets/Conifers [BOTD]/CTI_URP_10.3.2_runtime.unitypackage using Guid(88d5037c40acd0548a3838cc56b7d864) Importer(815301076,1909f56bfc062723c751e8b465ee728b)  -> (artifact id: 'b5d624fe90306b9d65ab530172d97f7b') in 0.007286 seconds 
========================================================================
Received Import Request.
  Time since last request: 9.755713 seconds.
  path: Assets/Conifers [BOTD]/Getting started.txt
  artifactKey: Guid(d52d4e51716964284a2205981add7f73) Importer(815301076,1909f56bfc062723c751e8b465ee728b)
Start importing Assets/Conifers [BOTD]/Getting started.txt using Guid(d52d4e51716964284a2205981add7f73) Importer(815301076,1909f56bfc062723c751e8b465ee728b)  -> (artifact id: 'c405eec30e9b2bbfbef6c220f96e895c') in 0.013513 seconds 
========================================================================
Received Import Request.
  Time since last request: 261.592798 seconds.
  path: Assets/Conifers [BOTD]/Render Pipeline Support
  artifactKey: Guid(bf28865a6e5fab64c84db5fa4c2f7cae) Importer(815301076,1909f56bfc062723c751e8b465ee728b)
Start importing Assets/Conifers [BOTD]/Render Pipeline Support using Guid(bf28865a6e5fab64c84db5fa4c2f7cae) Importer(815301076,1909f56bfc062723c751e8b465ee728b)  -> (artifact id: '845f7ffb99a0247ea534d6df64fc8aca') in 0.007892 seconds 
========================================================================
Received Import Request.
  Time since last request: 1.286323 seconds.
  path: Assets/Conifers [BOTD]/Render Pipeline Support/Built-in RP
  artifactKey: Guid(89b57d6e07166334994217f6375166e5) Importer(815301076,1909f56bfc062723c751e8b465ee728b)
Start importing Assets/Conifers [BOTD]/Render Pipeline Support/Built-in RP using Guid(89b57d6e07166334994217f6375166e5) Importer(815301076,1909f56bfc062723c751e8b465ee728b)  -> (artifact id: 'fad4e2c39f4a720d5166a549d77e9c52') in 0.006589 seconds 
========================================================================
Received Import Request.
  Time since last request: 1.467551 seconds.
  path: Assets/Conifers [BOTD]/Render Pipeline Support/Built-in RP/VSPro_CTIShaderController.unitypackage
  artifactKey: Guid(e4d200bd9cd394c85b6d524927580559) Importer(815301076,1909f56bfc062723c751e8b465ee728b)
Start importing Assets/Conifers [BOTD]/Render Pipeline Support/Built-in RP/VSPro_CTIShaderController.unitypackage using Guid(e4d200bd9cd394c85b6d524927580559) Importer(815301076,1909f56bfc062723c751e8b465ee728b)  -> (artifact id: 'e43af0cb274228d27ad3435da603f10d') in 0.007333 seconds 
========================================================================
Received Import Request.
  Time since last request: 6.516237 seconds.
  path: Assets/Conifers [BOTD]/Render Pipeline Support/Built-in RP/Prefabs
  artifactKey: Guid(fdf7d2f3736054f08b8ffebe4d2a8fcf) Importer(815301076,1909f56bfc062723c751e8b465ee728b)
Start importing Assets/Conifers [BOTD]/Render Pipeline Support/Built-in RP/Prefabs using Guid(fdf7d2f3736054f08b8ffebe4d2a8fcf) Importer(815301076,1909f56bfc062723c751e8b465ee728b)  -> (artifact id: '0c27e03dd9bdec2a5a753f281e291880') in 0.006464 seconds 
========================================================================
Received Import Request.
  Time since last request: 1.747925 seconds.
  path: Assets/Conifers [BOTD]/Render Pipeline Support/Built-in RP/Prefabs/PF Conifer Bare BOTD.prefab
  artifactKey: Guid(539fa9bc6500e44708e0f7b2c78cbefe) Importer(815301076,1909f56bfc062723c751e8b465ee728b)
Start importing Assets/Conifers [BOTD]/Render Pipeline Support/Built-in RP/Prefabs/PF Conifer Bare BOTD.prefab using Guid(539fa9bc6500e44708e0f7b2c78cbefe) Importer(815301076,1909f56bfc062723c751e8b465ee728b)  -> (artifact id: '508061f10b39cb1441288b313fcc7e9e') in 1.667131 seconds 
========================================================================
Received Import Request.
  Time since last request: 14.705222 seconds.
  path: Assets/Conifers [BOTD]/Render Pipeline Support/Built-in RP/Demo
  artifactKey: Guid(3de532e9b9dcc4b398cfc34a6900a1ba) Importer(815301076,1909f56bfc062723c751e8b465ee728b)
Start importing Assets/Conifers [BOTD]/Render Pipeline Support/Built-in RP/Demo using Guid(3de532e9b9dcc4b398cfc34a6900a1ba) Importer(815301076,1909f56bfc062723c751e8b465ee728b)  -> (artifact id: 'ee92c521f051044c5d1bcbd93fe734ec') in 0.006204 seconds 
========================================================================
Received Import Request.
  Time since last request: 1.387839 seconds.
  path: Assets/Conifers [BOTD]/Render Pipeline Support/Built-in RP/Demo/Conifers Cast.unity
  artifactKey: Guid(5da9b0696a4e747a1a286c054bd846fd) Importer(815301076,1909f56bfc062723c751e8b465ee728b)
Start importing Assets/Conifers [BOTD]/Render Pipeline Support/Built-in RP/Demo/Conifers Cast.unity using Guid(5da9b0696a4e747a1a286c054bd846fd) Importer(815301076,1909f56bfc062723c751e8b465ee728b)  -> (artifact id: 'c25a4b2180d0bc9cae9604eb9445fce6') in 0.005899 seconds 
========================================================================
Received Import Request.
  Time since last request: 22.110307 seconds.
  path: Assets/Conifers [BOTD]/Render Pipeline Support/Built-in RP/CTI Runtime Components
  artifactKey: Guid(4a7dddda7949b47efb60c2a52e4962da) Importer(815301076,1909f56bfc062723c751e8b465ee728b)
Start importing Assets/Conifers [BOTD]/Render Pipeline Support/Built-in RP/CTI Runtime Components using Guid(4a7dddda7949b47efb60c2a52e4962da) Importer(815301076,1909f56bfc062723c751e8b465ee728b)  -> (artifact id: 'f56604782ba3b0a6e4fe38c6479f6a0f') in 0.007757 seconds 
========================================================================
Received Import Request.
  Time since last request: 4.965568 seconds.
  path: Assets/Conifers [BOTD]/Render Pipeline Support/Built-in RP/CTI Runtime Components/Scripts
  artifactKey: Guid(c73c0755d872930449534f34c1af02ba) Importer(815301076,1909f56bfc062723c751e8b465ee728b)
Start importing Assets/Conifers [BOTD]/Render Pipeline Support/Built-in RP/CTI Runtime Components/Scripts using Guid(c73c0755d872930449534f34c1af02ba) Importer(815301076,1909f56bfc062723c751e8b465ee728b)  -> (artifact id: '063ba58c2d26378046a456a90c7a6943') in 0.006806 seconds 
========================================================================
Received Import Request.
  Time since last request: 2.882305 seconds.
  path: Assets/Conifers [BOTD]/Render Pipeline Support/Built-in RP/CTI Runtime Components/Scripts/CTI_CustomWind.cs
  artifactKey: Guid(1edb39aa169eb40cfa015393d5396847) Importer(815301076,1909f56bfc062723c751e8b465ee728b)
Start importing Assets/Conifers [BOTD]/Render Pipeline Support/Built-in RP/CTI Runtime Components/Scripts/CTI_CustomWind.cs using Guid(1edb39aa169eb40cfa015393d5396847) Importer(815301076,1909f56bfc062723c751e8b465ee728b)  -> (artifact id: '405a0d85eff9ce15f7365c3486d791b7') in 0.012241 seconds 
========================================================================
Received Import Request.
  Time since last request: 103.989101 seconds.
  path: Assets/Conifers [BOTD]/Shared Sources/Meshes/SM Conifer Bare LOD1.asset
  artifactKey: Guid(c6029981137bd4653b2149d26518cf28) Importer(815301076,1909f56bfc062723c751e8b465ee728b)
Start importing Assets/Conifers [BOTD]/Shared Sources/Meshes/SM Conifer Bare LOD1.asset using Guid(c6029981137bd4653b2149d26518cf28) Importer(815301076,1909f56bfc062723c751e8b465ee728b)  -> (artifact id: 'deca5924b663ceda99fa343bbb2813a3') in 0.082143 seconds 
========================================================================
Received Import Request.
  Time since last request: 2.222974 seconds.
  path: Assets/Conifers [BOTD]/Shared Sources/Meshes/SM Conifer Bare LOD0.asset
  artifactKey: Guid(e35c83466d09544088eaf0d3fa826b0c) Importer(815301076,1909f56bfc062723c751e8b465ee728b)
Start importing Assets/Conifers [BOTD]/Shared Sources/Meshes/SM Conifer Bare LOD0.asset using Guid(e35c83466d09544088eaf0d3fa826b0c) Importer(815301076,1909f56bfc062723c751e8b465ee728b)  -> (artifact id: 'dd47f47eb138f9537334a9463580d4ba') in 0.023041 seconds 
========================================================================
Received Import Request.
  Time since last request: 1.901850 seconds.
  path: Assets/Conifers [BOTD]/Render Pipeline Support/Built-in RP/Sources/Billboards/Conifer Bare_BillboardAsset.asset
  artifactKey: Guid(745760c8ac5934904ab25d5a8942ad44) Importer(815301076,1909f56bfc062723c751e8b465ee728b)
Start importing Assets/Conifers [BOTD]/Render Pipeline Support/Built-in RP/Sources/Billboards/Conifer Bare_BillboardAsset.asset using Guid(745760c8ac5934904ab25d5a8942ad44) Importer(815301076,1909f56bfc062723c751e8b465ee728b)  -> (artifact id: '1fceb2a1ea3622efadedb38311669e37') in 0.797084 seconds 
========================================================================
Received Import Request.
  Time since last request: 48.705342 seconds.
  path: Assets/Conifers [BOTD]/Shared Sources
  artifactKey: Guid(a159082cb7e8e402c8240da353f7fcd9) Importer(815301076,1909f56bfc062723c751e8b465ee728b)
Start importing Assets/Conifers [BOTD]/Shared Sources using Guid(a159082cb7e8e402c8240da353f7fcd9) Importer(815301076,1909f56bfc062723c751e8b465ee728b)  -> (artifact id: 'f113d777362f9fb9dd79518dd97fa6b4') in 0.005964 seconds 
========================================================================
Received Import Request.
  Time since last request: 1.309214 seconds.
  path: Assets/Conifers [BOTD]/Shared Sources/Meshes
  artifactKey: Guid(8c66f7071480b4af7a6085012e3ee89e) Importer(815301076,1909f56bfc062723c751e8b465ee728b)
Start importing Assets/Conifers [BOTD]/Shared Sources/Meshes using Guid(8c66f7071480b4af7a6085012e3ee89e) Importer(815301076,1909f56bfc062723c751e8b465ee728b)  -> (artifact id: '4e3a4bf272345be8d74fd6d6e1eb6197') in 0.005841 seconds 
========================================================================
Received Import Request.
  Time since last request: 7.149687 seconds.
  path: Assets/Conifers [BOTD]/Shared Sources/Textures
  artifactKey: Guid(f993ff6b3f7074c0db7fba22ea30ef30) Importer(815301076,1909f56bfc062723c751e8b465ee728b)
Start importing Assets/Conifers [BOTD]/Shared Sources/Textures using Guid(f993ff6b3f7074c0db7fba22ea30ef30) Importer(815301076,1909f56bfc062723c751e8b465ee728b)  -> (artifact id: '9078c2bcf63cfa8b0e4f94bae0e9256d') in 0.006381 seconds 
========================================================================
Received Import Request.
  Time since last request: 4.996965 seconds.
  path: Assets/Conifers [BOTD]/Conifers [BOTD] URP Readme.txt
  artifactKey: Guid(1488c255586882840834c45e0c575cad) Importer(815301076,1909f56bfc062723c751e8b465ee728b)
Start importing Assets/Conifers [BOTD]/Conifers [BOTD] URP Readme.txt using Guid(1488c255586882840834c45e0c575cad) Importer(815301076,1909f56bfc062723c751e8b465ee728b)  -> (artifact id: '7eef80a865eb81957a0d85763db76381') in 0.006784 seconds 
========================================================================
Received Import Request.
  Time since last request: 7.317425 seconds.
  path: Assets/Conifers [BOTD]/Conifers [BOTD] Documentation.pdf
  artifactKey: Guid(138cb1ff7940ca849804bf5d0cae4779) Importer(815301076,1909f56bfc062723c751e8b465ee728b)
Start importing Assets/Conifers [BOTD]/Conifers [BOTD] Documentation.pdf using Guid(138cb1ff7940ca849804bf5d0cae4779) Importer(815301076,1909f56bfc062723c751e8b465ee728b)  -> (artifact id: 'a6d12d21e017284fd5e1912dfae6d3ea') in 0.011057 seconds 
========================================================================
Received Prepare
Registering precompiled user dll's ...
Registered in 0.008518 seconds.
Begin MonoManager ReloadAssembly
Symbol file LoadedFromMemory doesn't match image D:\Unity\GitHub\StealthGame\StealthGame\Stealth\Library\PackageCache\com.unity.visualscripting@1.7.8\Editor\VisualScripting.Core\Dependencies\YamlDotNet\Unity.VisualScripting.YamlDotNet.dll
Symbol file LoadedFromMemory doesn't match image D:\Unity\GitHub\StealthGame\StealthGame\Stealth\Library\PackageCache\com.unity.visualscripting@1.7.8\Editor\VisualScripting.Core\Dependencies\DotNetZip\Unity.VisualScripting.IonicZip.dll
Native extension for WindowsStandalone target not found
Native extension for Android target not found
Refreshing native plugins compatible for Editor in 1.19 ms, found 3 plugins.
Preloading 0 native plugins for Editor in 0.00 ms.
Mono: successfully reloaded assembly
- Completed reload, in  1.711 seconds
Domain Reload Profiling:
	ReloadAssembly (1712ms)
		BeginReloadAssembly (176ms)
			ExecutionOrderSort (0ms)
			DisableScriptedObjects (5ms)
			BackupInstance (0ms)
			ReleaseScriptingObjects (0ms)
			CreateAndSetChildDomain (54ms)
		EndReloadAssembly (1403ms)
			LoadAssemblies (128ms)
			RebuildTransferFunctionScriptingTraits (0ms)
			SetupTypeCache (476ms)
			ReleaseScriptCaches (2ms)
			RebuildScriptCaches (79ms)
			SetupLoadedEditorAssemblies (677ms)
				LogAssemblyErrors (0ms)
				InitializePlatformSupportModulesInManaged (25ms)
				SetLoadedEditorAssemblies (1ms)
				RefreshPlugins (1ms)
				BeforeProcessingInitializeOnLoad (118ms)
				ProcessInitializeOnLoadAttributes (405ms)
				ProcessInitializeOnLoadMethodAttributes (116ms)
				AfterProcessingInitializeOnLoad (10ms)
				EditorAssembliesLoaded (0ms)
			ExecutionOrderSort2 (0ms)
			AwakeInstancesAfterBackupRestoration (14ms)
Platform modules already initialized, skipping
Refreshing native plugins compatible for Editor in 2.56 ms, found 3 plugins.
Preloading 0 native plugins for Editor in 0.00 ms.
Unloading 6430 Unused Serialized files (Serialized files now loaded: 0)
Unloading 62 unused Assets / (8.8 MB). Loaded Objects now: 7100.
Memory consumption went from 301.1 MB to 292.3 MB.
Total: 4.867300 ms (FindLiveObjects: 0.487600 ms CreateObjectMapping: 0.430400 ms MarkObjects: 2.921800 ms  DeleteObjects: 1.026700 ms)

AssetImportParameters requested are different than current active one (requested -> active):
  custom:video-decoder-ogg-theora: a1e56fd34408186e4bbccfd4996cb3dc -> 
  custom:container-muxer-webm: aa71ff27fc2769a1b78a27578f13a17b -> 
  custom:container-demuxer-webm: 4f35f7cbe854078d1ac9338744f61a02 -> 
  custom:video-encoder-webm-vp8: eb34c28f22e8b96e1ab97ce403110664 -> 
  custom:audio-encoder-webm-vorbis: bf7c407c2cedff20999df2af8eb42d56 -> 
  custom:framework-win-MediaFoundation: 216162199b28c13a410421893ffa2e32 -> 
  custom:container-demuxer-ogg: 62fdf1f143b41e24485cea50d1cbac27 -> 
  custom:video-decoder-webm-vp8: 9c59270c3fd7afecdb556c50c9e8de78 -> 
  custom:audio-decoder-ogg-vorbis: bf7c407c2cedff20999df2af8eb42d56 -> 
========================================================================
Received Import Request.
  Time since last request: 842.149957 seconds.
  path: Assets/01. Scenes/Main.unity
  artifactKey: Guid(ed3efdfa1184ed347a88a107ea5c27d7) Importer(815301076,1909f56bfc062723c751e8b465ee728b)
Start importing Assets/01. Scenes/Main.unity using Guid(ed3efdfa1184ed347a88a107ea5c27d7) Importer(815301076,1909f56bfc062723c751e8b465ee728b)  -> (artifact id: 'a64d39448579bf7d25d7dca97ff8bf9e') in 0.019262 seconds 
========================================================================
Received Prepare
Registering precompiled user dll's ...
Registered in 0.007902 seconds.
Begin MonoManager ReloadAssembly
Symbol file LoadedFromMemory doesn't match image D:\Unity\GitHub\StealthGame\StealthGame\Stealth\Library\PackageCache\com.unity.visualscripting@1.7.8\Editor\VisualScripting.Core\Dependencies\YamlDotNet\Unity.VisualScripting.YamlDotNet.dll
Symbol file LoadedFromMemory doesn't match image D:\Unity\GitHub\StealthGame\StealthGame\Stealth\Library\PackageCache\com.unity.visualscripting@1.7.8\Editor\VisualScripting.Core\Dependencies\DotNetZip\Unity.VisualScripting.IonicZip.dll
Native extension for WindowsStandalone target not found
Native extension for Android target not found
Refreshing native plugins compatible for Editor in 1.20 ms, found 3 plugins.
Preloading 0 native plugins for Editor in 0.00 ms.
Mono: successfully reloaded assembly
- Completed reload, in  1.619 seconds
Domain Reload Profiling:
	ReloadAssembly (1620ms)
		BeginReloadAssembly (188ms)
			ExecutionOrderSort (0ms)
			DisableScriptedObjects (6ms)
			BackupInstance (0ms)
			ReleaseScriptingObjects (0ms)
			CreateAndSetChildDomain (58ms)
		EndReloadAssembly (1320ms)
			LoadAssemblies (129ms)
			RebuildTransferFunctionScriptingTraits (0ms)
			SetupTypeCache (389ms)
			ReleaseScriptCaches (2ms)
			RebuildScriptCaches (83ms)
			SetupLoadedEditorAssemblies (682ms)
				LogAssemblyErrors (0ms)
				InitializePlatformSupportModulesInManaged (24ms)
				SetLoadedEditorAssemblies (1ms)
				RefreshPlugins (1ms)
				BeforeProcessingInitializeOnLoad (122ms)
				ProcessInitializeOnLoadAttributes (413ms)
				ProcessInitializeOnLoadMethodAttributes (108ms)
				AfterProcessingInitializeOnLoad (12ms)
				EditorAssembliesLoaded (0ms)
			ExecutionOrderSort2 (0ms)
			AwakeInstancesAfterBackupRestoration (15ms)
Platform modules already initialized, skipping
Refreshing native plugins compatible for Editor in 2.48 ms, found 3 plugins.
Preloading 0 native plugins for Editor in 0.00 ms.
Unloading 6418 Unused Serialized files (Serialized files now loaded: 0)
Unloading 59 unused Assets / (4.2 MB). Loaded Objects now: 7113.
Memory consumption went from 295.6 MB to 291.4 MB.
Total: 4.804100 ms (FindLiveObjects: 0.497600 ms CreateObjectMapping: 0.438400 ms MarkObjects: 2.971300 ms  DeleteObjects: 0.895900 ms)

AssetImportParameters requested are different than current active one (requested -> active):
  custom:video-decoder-ogg-theora: a1e56fd34408186e4bbccfd4996cb3dc -> 
  custom:container-muxer-webm: aa71ff27fc2769a1b78a27578f13a17b -> 
  custom:container-demuxer-webm: 4f35f7cbe854078d1ac9338744f61a02 -> 
  custom:video-encoder-webm-vp8: eb34c28f22e8b96e1ab97ce403110664 -> 
  custom:audio-encoder-webm-vorbis: bf7c407c2cedff20999df2af8eb42d56 -> 
  custom:framework-win-MediaFoundation: 216162199b28c13a410421893ffa2e32 -> 
  custom:container-demuxer-ogg: 62fdf1f143b41e24485cea50d1cbac27 -> 
  custom:video-decoder-webm-vp8: 9c59270c3fd7afecdb556c50c9e8de78 -> 
  custom:audio-decoder-ogg-vorbis: bf7c407c2cedff20999df2af8eb42d56 -> 
========================================================================
Received Import Request.
  Time since last request: 1205.205456 seconds.
  path: Assets/CTI URP/CTI Runtime Components URP/CTI URP Demo/CTI URP Demo.unity
  artifactKey: Guid(4cb2f31e042e73e4f956816c10e6274b) Importer(815301076,1909f56bfc062723c751e8b465ee728b)
Start importing Assets/CTI URP/CTI Runtime Components URP/CTI URP Demo/CTI URP Demo.unity using Guid(4cb2f31e042e73e4f956816c10e6274b) Importer(815301076,1909f56bfc062723c751e8b465ee728b)  -> (artifact id: '9130929765ad22812856fc052b4524b4') in 0.021737 seconds 
========================================================================
Received Import Request.
  Time since last request: 70.772477 seconds.
  path: Assets/CTI URP
  artifactKey: Guid(63ac13dd0d988314da9561f4cb979429) Importer(815301076,1909f56bfc062723c751e8b465ee728b)
Start importing Assets/CTI URP using Guid(63ac13dd0d988314da9561f4cb979429) Importer(815301076,1909f56bfc062723c751e8b465ee728b)  -> (artifact id: '9ae7fd0ec1b3a4ff202710b585ea975b') in 0.006803 seconds 
========================================================================
Received Prepare
Registering precompiled user dll's ...
Registered in 0.009460 seconds.
Begin MonoManager ReloadAssembly
Symbol file LoadedFromMemory doesn't match image D:\Unity\GitHub\StealthGame\StealthGame\Stealth\Library\PackageCache\com.unity.visualscripting@1.7.8\Editor\VisualScripting.Core\Dependencies\YamlDotNet\Unity.VisualScripting.YamlDotNet.dll
Symbol file LoadedFromMemory doesn't match image D:\Unity\GitHub\StealthGame\StealthGame\Stealth\Library\PackageCache\com.unity.visualscripting@1.7.8\Editor\VisualScripting.Core\Dependencies\DotNetZip\Unity.VisualScripting.IonicZip.dll
Native extension for WindowsStandalone target not found
Native extension for Android target not found
Refreshing native plugins compatible for Editor in 1.20 ms, found 3 plugins.
Preloading 0 native plugins for Editor in 0.00 ms.
Mono: successfully reloaded assembly
- Completed reload, in  1.625 seconds
Domain Reload Profiling:
	ReloadAssembly (1626ms)
		BeginReloadAssembly (187ms)
			ExecutionOrderSort (0ms)
			DisableScriptedObjects (6ms)
			BackupInstance (0ms)
			ReleaseScriptingObjects (0ms)
			CreateAndSetChildDomain (63ms)
		EndReloadAssembly (1326ms)
			LoadAssemblies (122ms)
			RebuildTransferFunctionScriptingTraits (0ms)
			SetupTypeCache (382ms)
			ReleaseScriptCaches (2ms)
			RebuildScriptCaches (87ms)
			SetupLoadedEditorAssemblies (694ms)
				LogAssemblyErrors (0ms)
				InitializePlatformSupportModulesInManaged (23ms)
				SetLoadedEditorAssemblies (1ms)
				RefreshPlugins (1ms)
				BeforeProcessingInitializeOnLoad (120ms)
				ProcessInitializeOnLoadAttributes (427ms)
				ProcessInitializeOnLoadMethodAttributes (110ms)
				AfterProcessingInitializeOnLoad (11ms)
				EditorAssembliesLoaded (0ms)
			ExecutionOrderSort2 (0ms)
			AwakeInstancesAfterBackupRestoration (14ms)
Platform modules already initialized, skipping
Refreshing native plugins compatible for Editor in 2.46 ms, found 3 plugins.
Preloading 0 native plugins for Editor in 0.00 ms.
Unloading 6410 Unused Serialized files (Serialized files now loaded: 0)
Unloading 54 unused Assets / (3.8 MB). Loaded Objects now: 7127.
Memory consumption went from 294.6 MB to 290.8 MB.
Total: 6.044900 ms (FindLiveObjects: 0.536000 ms CreateObjectMapping: 0.463900 ms MarkObjects: 4.017900 ms  DeleteObjects: 1.026300 ms)

AssetImportParameters requested are different than current active one (requested -> active):
  custom:video-decoder-ogg-theora: a1e56fd34408186e4bbccfd4996cb3dc -> 
  custom:container-muxer-webm: aa71ff27fc2769a1b78a27578f13a17b -> 
  custom:container-demuxer-webm: 4f35f7cbe854078d1ac9338744f61a02 -> 
  custom:video-encoder-webm-vp8: eb34c28f22e8b96e1ab97ce403110664 -> 
  custom:audio-encoder-webm-vorbis: bf7c407c2cedff20999df2af8eb42d56 -> 
  custom:framework-win-MediaFoundation: 216162199b28c13a410421893ffa2e32 -> 
  custom:container-demuxer-ogg: 62fdf1f143b41e24485cea50d1cbac27 -> 
  custom:video-decoder-webm-vp8: 9c59270c3fd7afecdb556c50c9e8de78 -> 
  custom:audio-decoder-ogg-vorbis: bf7c407c2cedff20999df2af8eb42d56 -> 
========================================================================
Received Import Request.
  Time since last request: 20.058536 seconds.
  path: Assets/_TerrainAutoUpgrade/layer_dirt01b3407d0e55802f81.terrainlayer
  artifactKey: Guid(d25ec0f7670c1884397f81961b366dbb) Importer(815301076,1909f56bfc062723c751e8b465ee728b)
Start importing Assets/_TerrainAutoUpgrade/layer_dirt01b3407d0e55802f81.terrainlayer using Guid(d25ec0f7670c1884397f81961b366dbb) Importer(815301076,1909f56bfc062723c751e8b465ee728b)  -> (artifact id: '09e8dbefd7a76ed1bf8f36e856ecd43d') in 0.062862 seconds 
========================================================================
Received Import Request.
  Time since last request: 1.541649 seconds.
  path: Assets/_TerrainAutoUpgrade/layer_grass01_bb3407d0e55802f81.terrainlayer
  artifactKey: Guid(94c7b5243c322074cada4fee56c1f434) Importer(815301076,1909f56bfc062723c751e8b465ee728b)
Start importing Assets/_TerrainAutoUpgrade/layer_grass01_bb3407d0e55802f81.terrainlayer using Guid(94c7b5243c322074cada4fee56c1f434) Importer(815301076,1909f56bfc062723c751e8b465ee728b)  -> (artifact id: 'e1b7cc02452ceb78c6b890f4f67b7388') in 0.018324 seconds 
========================================================================
Received Import Request.
  Time since last request: 1.503797 seconds.
  path: Assets/_TerrainAutoUpgrade/layer_grass01b3407d0e55802f81.terrainlayer
  artifactKey: Guid(a3b0766cc7d286a43958dd4177f439e8) Importer(815301076,1909f56bfc062723c751e8b465ee728b)
Start importing Assets/_TerrainAutoUpgrade/layer_grass01b3407d0e55802f81.terrainlayer using Guid(a3b0766cc7d286a43958dd4177f439e8) Importer(815301076,1909f56bfc062723c751e8b465ee728b)  -> (artifact id: '30cf95742c1198c11e6e9716d70ac790') in 0.017379 seconds 
========================================================================
Received Import Request.
  Time since last request: 24.081822 seconds.
  path: Assets/FurnishedCabin/Scenes/Demo.unity
  artifactKey: Guid(0bce5907d797a4cd8b0660dc119867e8) Importer(815301076,1909f56bfc062723c751e8b465ee728b)
Start importing Assets/FurnishedCabin/Scenes/Demo.unity using Guid(0bce5907d797a4cd8b0660dc119867e8) Importer(815301076,1909f56bfc062723c751e8b465ee728b)  -> (artifact id: '851a1a894299be31c24b670054c77ab7') in 0.006173 seconds 
========================================================================
Received Import Request.
  Time since last request: 36.524468 seconds.
  path: Assets/FurnishedHouse
  artifactKey: Guid(862ecc4a375fb4a1c83b251d54c8277e) Importer(815301076,1909f56bfc062723c751e8b465ee728b)
Start importing Assets/FurnishedHouse using Guid(862ecc4a375fb4a1c83b251d54c8277e) Importer(815301076,1909f56bfc062723c751e8b465ee728b)  -> (artifact id: 'd682a2dd19a83c3b181165bcdc818f8a') in 0.005905 seconds 
========================================================================
Received Prepare
Registering precompiled user dll's ...
Registered in 0.008759 seconds.
Begin MonoManager ReloadAssembly
Symbol file LoadedFromMemory doesn't match image D:\Unity\GitHub\StealthGame\StealthGame\Stealth\Library\PackageCache\com.unity.visualscripting@1.7.8\Editor\VisualScripting.Core\Dependencies\YamlDotNet\Unity.VisualScripting.YamlDotNet.dll
Symbol file LoadedFromMemory doesn't match image D:\Unity\GitHub\StealthGame\StealthGame\Stealth\Library\PackageCache\com.unity.visualscripting@1.7.8\Editor\VisualScripting.Core\Dependencies\DotNetZip\Unity.VisualScripting.IonicZip.dll
Native extension for WindowsStandalone target not found
Native extension for Android target not found
Refreshing native plugins compatible for Editor in 1.18 ms, found 3 plugins.
Preloading 0 native plugins for Editor in 0.00 ms.
Mono: successfully reloaded assembly
- Completed reload, in  1.661 seconds
Domain Reload Profiling:
	ReloadAssembly (1662ms)
		BeginReloadAssembly (210ms)
			ExecutionOrderSort (0ms)
			DisableScriptedObjects (6ms)
			BackupInstance (0ms)
			ReleaseScriptingObjects (0ms)
			CreateAndSetChildDomain (70ms)
		EndReloadAssembly (1335ms)
			LoadAssemblies (139ms)
			RebuildTransferFunctionScriptingTraits (0ms)
			SetupTypeCache (391ms)
			ReleaseScriptCaches (2ms)
			RebuildScriptCaches (82ms)
			SetupLoadedEditorAssemblies (695ms)
				LogAssemblyErrors (0ms)
				InitializePlatformSupportModulesInManaged (25ms)
				SetLoadedEditorAssemblies (1ms)
				RefreshPlugins (1ms)
				BeforeProcessingInitializeOnLoad (121ms)
				ProcessInitializeOnLoadAttributes (423ms)
				ProcessInitializeOnLoadMethodAttributes (112ms)
				AfterProcessingInitializeOnLoad (11ms)
				EditorAssembliesLoaded (0ms)
			ExecutionOrderSort2 (0ms)
			AwakeInstancesAfterBackupRestoration (14ms)
Platform modules already initialized, skipping
Refreshing native plugins compatible for Editor in 2.49 ms, found 3 plugins.
Preloading 0 native plugins for Editor in 0.00 ms.
Unloading 6410 Unused Serialized files (Serialized files now loaded: 0)
Unloading 53 unused Assets / (3.8 MB). Loaded Objects now: 7144.
Memory consumption went from 294.7 MB to 290.9 MB.
Total: 4.776800 ms (FindLiveObjects: 0.569300 ms CreateObjectMapping: 0.450100 ms MarkObjects: 3.102500 ms  DeleteObjects: 0.653900 ms)

AssetImportParameters requested are different than current active one (requested -> active):
  custom:video-decoder-ogg-theora: a1e56fd34408186e4bbccfd4996cb3dc -> 
  custom:container-muxer-webm: aa71ff27fc2769a1b78a27578f13a17b -> 
  custom:container-demuxer-webm: 4f35f7cbe854078d1ac9338744f61a02 -> 
  custom:video-encoder-webm-vp8: eb34c28f22e8b96e1ab97ce403110664 -> 
  custom:audio-encoder-webm-vorbis: bf7c407c2cedff20999df2af8eb42d56 -> 
  custom:framework-win-MediaFoundation: 216162199b28c13a410421893ffa2e32 -> 
  custom:container-demuxer-ogg: 62fdf1f143b41e24485cea50d1cbac27 -> 
  custom:video-decoder-webm-vp8: 9c59270c3fd7afecdb556c50c9e8de78 -> 
  custom:audio-decoder-ogg-vorbis: bf7c407c2cedff20999df2af8eb42d56 -> 
========================================================================
Received Prepare
Registering precompiled user dll's ...
Registered in 0.008196 seconds.
Begin MonoManager ReloadAssembly
Symbol file LoadedFromMemory doesn't match image D:\Unity\GitHub\StealthGame\StealthGame\Stealth\Library\PackageCache\com.unity.visualscripting@1.7.8\Editor\VisualScripting.Core\Dependencies\YamlDotNet\Unity.VisualScripting.YamlDotNet.dll
Symbol file LoadedFromMemory doesn't match image D:\Unity\GitHub\StealthGame\StealthGame\Stealth\Library\PackageCache\com.unity.visualscripting@1.7.8\Editor\VisualScripting.Core\Dependencies\DotNetZip\Unity.VisualScripting.IonicZip.dll
Native extension for WindowsStandalone target not found
Native extension for Android target not found
Refreshing native plugins compatible for Editor in 1.18 ms, found 3 plugins.
Preloading 0 native plugins for Editor in 0.00 ms.
Mono: successfully reloaded assembly
- Completed reload, in  1.703 seconds
Domain Reload Profiling:
	ReloadAssembly (1704ms)
		BeginReloadAssembly (219ms)
			ExecutionOrderSort (0ms)
			DisableScriptedObjects (8ms)
			BackupInstance (0ms)
			ReleaseScriptingObjects (0ms)
			CreateAndSetChildDomain (73ms)
		EndReloadAssembly (1373ms)
			LoadAssemblies (143ms)
			RebuildTransferFunctionScriptingTraits (0ms)
			SetupTypeCache (401ms)
			ReleaseScriptCaches (2ms)
			RebuildScriptCaches (96ms)
			SetupLoadedEditorAssemblies (698ms)
				LogAssemblyErrors (0ms)
				InitializePlatformSupportModulesInManaged (26ms)
				SetLoadedEditorAssemblies (1ms)
				RefreshPlugins (1ms)
				BeforeProcessingInitializeOnLoad (120ms)
				ProcessInitializeOnLoadAttributes (427ms)
				ProcessInitializeOnLoadMethodAttributes (111ms)
				AfterProcessingInitializeOnLoad (10ms)
				EditorAssembliesLoaded (0ms)
			ExecutionOrderSort2 (0ms)
			AwakeInstancesAfterBackupRestoration (14ms)
Platform modules already initialized, skipping
Refreshing native plugins compatible for Editor in 2.58 ms, found 3 plugins.
Preloading 0 native plugins for Editor in 0.00 ms.
Unloading 6410 Unused Serialized files (Serialized files now loaded: 0)
Unloading 53 unused Assets / (3.8 MB). Loaded Objects now: 7159.
Memory consumption went from 294.7 MB to 290.9 MB.
Total: 4.466600 ms (FindLiveObjects: 0.513600 ms CreateObjectMapping: 0.436200 ms MarkObjects: 2.886100 ms  DeleteObjects: 0.629800 ms)

AssetImportParameters requested are different than current active one (requested -> active):
  custom:video-decoder-ogg-theora: a1e56fd34408186e4bbccfd4996cb3dc -> 
  custom:container-muxer-webm: aa71ff27fc2769a1b78a27578f13a17b -> 
  custom:container-demuxer-webm: 4f35f7cbe854078d1ac9338744f61a02 -> 
  custom:video-encoder-webm-vp8: eb34c28f22e8b96e1ab97ce403110664 -> 
  custom:audio-encoder-webm-vorbis: bf7c407c2cedff20999df2af8eb42d56 -> 
  custom:framework-win-MediaFoundation: 216162199b28c13a410421893ffa2e32 -> 
  custom:container-demuxer-ogg: 62fdf1f143b41e24485cea50d1cbac27 -> 
  custom:video-decoder-webm-vp8: 9c59270c3fd7afecdb556c50c9e8de78 -> 
  custom:audio-decoder-ogg-vorbis: bf7c407c2cedff20999df2af8eb42d56 -> 
========================================================================
Received Prepare
Registering precompiled user dll's ...
Registered in 0.008000 seconds.
Begin MonoManager ReloadAssembly
Symbol file LoadedFromMemory doesn't match image D:\Unity\GitHub\StealthGame\StealthGame\Stealth\Library\PackageCache\com.unity.visualscripting@1.7.8\Editor\VisualScripting.Core\Dependencies\YamlDotNet\Unity.VisualScripting.YamlDotNet.dll
Symbol file LoadedFromMemory doesn't match image D:\Unity\GitHub\StealthGame\StealthGame\Stealth\Library\PackageCache\com.unity.visualscripting@1.7.8\Editor\VisualScripting.Core\Dependencies\DotNetZip\Unity.VisualScripting.IonicZip.dll
Native extension for WindowsStandalone target not found
Native extension for Android target not found
Refreshing native plugins compatible for Editor in 1.17 ms, found 3 plugins.
Preloading 0 native plugins for Editor in 0.00 ms.
Mono: successfully reloaded assembly
- Completed reload, in  1.675 seconds
Domain Reload Profiling:
	ReloadAssembly (1676ms)
		BeginReloadAssembly (211ms)
			ExecutionOrderSort (0ms)
			DisableScriptedObjects (5ms)
			BackupInstance (0ms)
			ReleaseScriptingObjects (0ms)
			CreateAndSetChildDomain (61ms)
		EndReloadAssembly (1338ms)
			LoadAssemblies (141ms)
			RebuildTransferFunctionScriptingTraits (0ms)
			SetupTypeCache (395ms)
			ReleaseScriptCaches (2ms)
			RebuildScriptCaches (84ms)
			SetupLoadedEditorAssemblies (693ms)
				LogAssemblyErrors (0ms)
				InitializePlatformSupportModulesInManaged (23ms)
				SetLoadedEditorAssemblies (1ms)
				RefreshPlugins (1ms)
				BeforeProcessingInitializeOnLoad (125ms)
				ProcessInitializeOnLoadAttributes (418ms)
				ProcessInitializeOnLoadMethodAttributes (114ms)
				AfterProcessingInitializeOnLoad (11ms)
				EditorAssembliesLoaded (0ms)
			ExecutionOrderSort2 (0ms)
			AwakeInstancesAfterBackupRestoration (14ms)
Platform modules already initialized, skipping
Refreshing native plugins compatible for Editor in 2.80 ms, found 3 plugins.
Preloading 0 native plugins for Editor in 0.00 ms.
Unloading 6410 Unused Serialized files (Serialized files now loaded: 0)
Unloading 53 unused Assets / (3.8 MB). Loaded Objects now: 7174.
Memory consumption went from 294.7 MB to 290.9 MB.
Total: 4.435500 ms (FindLiveObjects: 0.497000 ms CreateObjectMapping: 0.437300 ms MarkObjects: 2.865000 ms  DeleteObjects: 0.635200 ms)

AssetImportParameters requested are different than current active one (requested -> active):
  custom:video-decoder-ogg-theora: a1e56fd34408186e4bbccfd4996cb3dc -> 
  custom:container-muxer-webm: aa71ff27fc2769a1b78a27578f13a17b -> 
  custom:container-demuxer-webm: 4f35f7cbe854078d1ac9338744f61a02 -> 
  custom:video-encoder-webm-vp8: eb34c28f22e8b96e1ab97ce403110664 -> 
  custom:audio-encoder-webm-vorbis: bf7c407c2cedff20999df2af8eb42d56 -> 
  custom:framework-win-MediaFoundation: 216162199b28c13a410421893ffa2e32 -> 
  custom:container-demuxer-ogg: 62fdf1f143b41e24485cea50d1cbac27 -> 
  custom:video-decoder-webm-vp8: 9c59270c3fd7afecdb556c50c9e8de78 -> 
  custom:audio-decoder-ogg-vorbis: bf7c407c2cedff20999df2af8eb42d56 -> 
========================================================================
Received Import Request.
  Time since last request: 256.904643 seconds.
  path: Assets/TheTalesFactory/Photoscanned MoutainsRocks PBR/DemoScene/MountainRocksTerrain.asset
  artifactKey: Guid(4326ac5c557b3a74a83ef14e3533a075) Importer(815301076,1909f56bfc062723c751e8b465ee728b)
Start importing Assets/TheTalesFactory/Photoscanned MoutainsRocks PBR/DemoScene/MountainRocksTerrain.asset using Guid(4326ac5c557b3a74a83ef14e3533a075) Importer(815301076,1909f56bfc062723c751e8b465ee728b) Tree prefab at index 0 is missing.
 -> (artifact id: '146759698c84d1229acf4cb09d34d2ca') in 0.130657 seconds 
========================================================================
Received Import Request.
  Time since last request: 196.781928 seconds.
  path: Assets/VillagePack
  artifactKey: Guid(bb577c2d6f20b0c4c89fd7cd1b02a498) Importer(815301076,1909f56bfc062723c751e8b465ee728b)
Start importing Assets/VillagePack using Guid(bb577c2d6f20b0c4c89fd7cd1b02a498) Importer(815301076,1909f56bfc062723c751e8b465ee728b)  -> (artifact id: '0a594f2037ce15216818ce89cb60e8e0') in 0.008224 seconds 
========================================================================
Received Import Request.
  Time since last request: 2.634400 seconds.
  path: Assets/VillagePack/BigHouse
  artifactKey: Guid(a8c37f71c2ed0aa478c6b64c94265947) Importer(815301076,1909f56bfc062723c751e8b465ee728b)
Start importing Assets/VillagePack/BigHouse using Guid(a8c37f71c2ed0aa478c6b64c94265947) Importer(815301076,1909f56bfc062723c751e8b465ee728b)  -> (artifact id: 'e01291e32ba163047a5b19418f91460b') in 0.006397 seconds 
========================================================================
Received Import Request.
  Time since last request: 2.142317 seconds.
  path: Assets/VillagePack/BigHouse/BigHouse.fbx
  artifactKey: Guid(113d36f51d55c2c4a807a09ac76c1d69) Importer(815301076,1909f56bfc062723c751e8b465ee728b)
Start importing Assets/VillagePack/BigHouse/BigHouse.fbx using Guid(113d36f51d55c2c4a807a09ac76c1d69) Importer(815301076,1909f56bfc062723c751e8b465ee728b)  -> (artifact id: '1a61a72463f46733b7419735653d4f67') in 0.663328 seconds 
========================================================================
Received Import Request.
  Time since last request: 3162.156616 seconds.
  path: Assets/DacingEyebrows
  artifactKey: Guid(c44dfab209e276a4ba87bd3c50525c2e) Importer(815301076,1909f56bfc062723c751e8b465ee728b)
Start importing Assets/DacingEyebrows using Guid(c44dfab209e276a4ba87bd3c50525c2e) Importer(815301076,1909f56bfc062723c751e8b465ee728b)  -> (artifact id: 'a9155e97bc5b04bddf537c2d3e4e34c5') in 0.008623 seconds 
========================================================================
Received Import Request.
  Time since last request: 5.959989 seconds.
  path: Assets/DacingEyebrows/deb_Goblin01
  artifactKey: Guid(0186b3af5ced5654183b8cf985962050) Importer(815301076,1909f56bfc062723c751e8b465ee728b)
Start importing Assets/DacingEyebrows/deb_Goblin01 using Guid(0186b3af5ced5654183b8cf985962050) Importer(815301076,1909f56bfc062723c751e8b465ee728b)  -> (artifact id: '25f7d07655a3e586edc11eb9b5622598') in 0.007203 seconds 
========================================================================
Received Import Request.
  Time since last request: 7.692156 seconds.
  path: Assets/DacingEyebrows/deb_Goblin01/Prefab
  artifactKey: Guid(04137db5579c68a409665f1330811eb7) Importer(815301076,1909f56bfc062723c751e8b465ee728b)
Start importing Assets/DacingEyebrows/deb_Goblin01/Prefab using Guid(04137db5579c68a409665f1330811eb7) Importer(815301076,1909f56bfc062723c751e8b465ee728b)  -> (artifact id: 'f7079c866a152a96c4de010660d88000') in 0.006168 seconds 
========================================================================
Received Import Request.
  Time since last request: 21.820398 seconds.
  path: Assets/DacingEyebrows/deb_Goblin01/Scene/deb_Goblin01.unity
  artifactKey: Guid(b2eddd550f181cb4c82c637fc258fc89) Importer(815301076,1909f56bfc062723c751e8b465ee728b)
Start importing Assets/DacingEyebrows/deb_Goblin01/Scene/deb_Goblin01.unity using Guid(b2eddd550f181cb4c82c637fc258fc89) Importer(815301076,1909f56bfc062723c751e8b465ee728b)  -> (artifact id: 'b5891cc2ba083420a85fde0e26ad7254') in 0.006685 seconds 
========================================================================
Received Import Request.
  Time since last request: 113.202571 seconds.
  path: Assets/DacingEyebrows/deb_Goblin01/Animation/Attack01.anim
  artifactKey: Guid(edc8d4d4f624e7941aed18fcebe82244) Importer(815301076,1909f56bfc062723c751e8b465ee728b)
Start importing Assets/DacingEyebrows/deb_Goblin01/Animation/Attack01.anim using Guid(edc8d4d4f624e7941aed18fcebe82244) Importer(815301076,1909f56bfc062723c751e8b465ee728b)  -> (artifact id: '109da1b30cd3b8997ad3d3797a4ea81c') in 0.076792 seconds 
========================================================================
Received Import Request.
  Time since last request: 40.877487 seconds.
  path: Assets/DacingEyebrows/deb_Goblin01/Animation/Die01.anim
  artifactKey: Guid(9cb10f722f4a27743adaff63c58064d6) Importer(815301076,1909f56bfc062723c751e8b465ee728b)
Start importing Assets/DacingEyebrows/deb_Goblin01/Animation/Die01.anim using Guid(9cb10f722f4a27743adaff63c58064d6) Importer(815301076,1909f56bfc062723c751e8b465ee728b)  -> (artifact id: '965487e79ae7de5c2d3a878a2f44ef68') in 0.045818 seconds 
